<?xml version="1.0" encoding="UTF-8"?>
<!-- Generated by org.testng.reporters.JUnitReportReporter -->
<testsuite hostname="DESKTOP-RQA8NQN" failures="0" tests="5" name="tests.CreateOrderFromStoreFrontTest" time="61.275" errors="0" timestamp="18 Apr 2022 14:24:15 GMT" skipped="0">
  <testcase classname="tests.CreateOrderFromStoreFrontTest" name="selectProduct" time="17.474"/>
  <testcase classname="tests.CreateOrderFromStoreFrontTest" name="addProduct" time="16.160"/>
  <testcase classname="tests.CreateOrderFromStoreFrontTest" name="continueToShipping" time="5.848"/>
  <testcase classname="tests.CreateOrderFromStoreFrontTest" name="completeOrder" time="18.316"/>
  <testcase classname="tests.CreateOrderFromStoreFrontTest" name="orderSuccessMsg" time="3.477"/>
</testsuite> <!-- tests.CreateOrderFromStoreFrontTest -->
