<?xml version="1.0" encoding="UTF-8"?>
<!-- Generated by org.testng.reporters.JUnitReportReporter -->
<testsuite hostname="DESKTOP-RQA8NQN" failures="0" tests="2" name="tests.AddNewCustomerTest" time="109.448" errors="0" timestamp="17 Apr 2022 13:55:44 GMT" skipped="0">
  <testcase classname="tests.AddNewCustomerTest" name="Login" time="104.789"/>
  <testcase classname="tests.AddNewCustomerTest" name="customerData" time="4.659"/>
</testsuite> <!-- tests.AddNewCustomerTest -->
