<?xml version="1.0" encoding="UTF-8"?>
<!-- Generated by org.testng.reporters.JUnitReportReporter -->
<testsuite hostname="DESKTOP-RQA8NQN" failures="0" tests="6" name="tests.CreateOrderFromDashboardTest" time="76.106" errors="0" timestamp="17 Apr 2022 15:43:23 GMT" skipped="0">
  <testcase classname="tests.CreateOrderFromDashboardTest" name="Login" time="31.948"/>
  <testcase classname="tests.CreateOrderFromDashboardTest" name="goToPaymentAddress" time="7.191"/>
  <testcase classname="tests.CreateOrderFromDashboardTest" name="goToShippingAddress" time="7.828"/>
  <testcase classname="tests.CreateOrderFromDashboardTest" name="searchForProduct" time="13.254"/>
  <testcase classname="tests.CreateOrderFromDashboardTest" name="orderSuccessConfirmationTxt" time="0.216"/>
  <testcase classname="tests.CreateOrderFromDashboardTest" name="addComment" time="15.669"/>
</testsuite> <!-- tests.CreateOrderFromDashboardTest -->
