<?xml version="1.0" encoding="UTF-8"?>
<!-- Generated by org.testng.reporters.JUnitReportReporter -->
<testsuite hostname="DESKTOP-RQA8NQN" failures="0" tests="2" name="tests.AddCurrencyAndMakeItDefaultTest" time="30.008" errors="0" timestamp="17 Apr 2022 18:43:21 GMT" skipped="0">
  <testcase classname="tests.AddCurrencyAndMakeItDefaultTest" name="Login" time="28.976"/>
  <testcase classname="tests.AddCurrencyAndMakeItDefaultTest" name="creatCurrencyData" time="1.032"/>
</testsuite> <!-- tests.AddCurrencyAndMakeItDefaultTest -->
