<?xml version="1.0" encoding="UTF-8"?>
<!-- Generated by org.testng.reporters.JUnitReportReporter -->
<testsuite hostname="DESKTOP-RQA8NQN" failures="0" tests="1" name="tests.ChangeDefaultCurrencyTest" time="34.125" errors="0" timestamp="17 Apr 2022 18:59:52 GMT" skipped="0">
  <testcase classname="tests.ChangeDefaultCurrencyTest" name="Login" time="34.125"/>
</testsuite> <!-- tests.ChangeDefaultCurrencyTest -->
